C:\USERS\PAPA\ROBOT\ROBOTDANSLABYRINTHE\DEBUG\MAIN.OBJ
C:\USERS\PAPA\ROBOT\ROBOTDANSLABYRINTHE\DEBUG\TERRAIN.OBJ
C:\USERS\PAPA\ROBOT\ROBOTDANSLABYRINTHE\DEBUG\VC110.PDB
C:\USERS\PAPA\ROBOT\DEBUG\ROBOTDANSLABYRINTHE.ILK
C:\USERS\PAPA\ROBOT\DEBUG\ROBOTDANSLABYRINTHE.EXE
C:\USERS\PAPA\ROBOT\DEBUG\ROBOTDANSLABYRINTHE.PDB
C:\Users\papa\robot\robotDansLabyrinthe\Debug\Main.obj
C:\Users\papa\robot\robotDansLabyrinthe\Debug\terrain.obj
C:\Users\papa\robot\robotDansLabyrinthe\Debug\cl.command.1.tlog
C:\Users\papa\robot\robotDansLabyrinthe\Debug\CL.read.1.tlog
C:\Users\papa\robot\robotDansLabyrinthe\Debug\CL.write.1.tlog
C:\Users\papa\robot\robotDansLabyrinthe\Debug\link-cvtres.read.1.tlog
C:\Users\papa\robot\robotDansLabyrinthe\Debug\link-cvtres.write.1.tlog
C:\Users\papa\robot\robotDansLabyrinthe\Debug\link-rc.read.1.tlog
C:\Users\papa\robot\robotDansLabyrinthe\Debug\link-rc.write.1.tlog
C:\Users\papa\robot\robotDansLabyrinthe\Debug\link.command.1.tlog
C:\Users\papa\robot\robotDansLabyrinthe\Debug\link.read.1.tlog
C:\Users\papa\robot\robotDansLabyrinthe\Debug\link.write.1.tlog
C:\Users\papa\robot\robotDansLabyrinthe\Debug\vc110.idb
C:\Users\papa\robot\robotDansLabyrinthe\Debug\vc110.pdb
C:\Users\papa\robot\Debug\robotDansLabyrinthe.pdb
C:\Users\papa\robot\Debug\robotDansLabyrinthe.exe
C:\Users\papa\robot\Debug\robotDansLabyrinthe.ilk
